2025-03-10 12:45:00 | WARN | repo=file-uploader | action=commit
2025-12-15 14:24:00 | INFO | repo=file-uploader | action=test | passed=true
2025-07-28 19:14:00 | INFO | repo=file-uploader | action=commit
2025-11-27 18:34:00 | WARN | repo=file-uploader | action=edit | files=4
2025-07-21 19:19:00 | DEBUG | repo=file-uploader | action=commit
2025-09-17 14:44:00 | INFO | repo=file-uploader | action=pull
2025-01-17 07:30:00 | DEBUG | repo=file-uploader | action=commit
2025-12-28 12:28:00 | WARN | repo=file-uploader | action=commit
2025-05-21 11:40:00 | WARN | repo=file-uploader | action=commit
2025-04-02 08:04:00 | DEBUG | repo=file-uploader | action=test | passed=true
2025-07-01 18:28:00 | WARN | repo=file-uploader | action=edit | files=3
2025-07-14 08:26:00 | DEBUG | repo=file-uploader | action=commit
2025-04-26 14:10:00 | DEBUG | repo=file-uploader | action=test | passed=true
2025-07-08 09:52:00 | DEBUG | repo=file-uploader | action=test | passed=true
2025-03-06 14:20:00 | INFO | repo=file-uploader | action=edit | files=5
2025-08-18 20:43:00 | INFO | repo=file-uploader | action=commit
2025-05-06 10:42:00 | INFO | repo=file-uploader | action=commit
2025-04-17 21:34:00 | DEBUG | repo=file-uploader | action=edit | files=5
2025-08-05 10:21:00 | WARN | repo=file-uploader | action=commit
2025-03-21 08:49:00 | DEBUG | repo=file-uploader | action=commit
